<?xml version="1.0" encoding="UTF-8"?>
<testng-results total="1" passed="1" failed="0" skipped="0">
  <reporter-output>
  </reporter-output>
  <suite started-at="2021-06-20T06:07:32Z" name="Default suite" finished-at="2021-06-20T06:07:58Z" duration-ms="25557">
    <groups>
    </groups>
    <test started-at="2021-06-20T06:07:32Z" name="Default test" finished-at="2021-06-20T06:07:58Z" duration-ms="25557">
      <class name="SampleTest.Sample.AssertText">
        <test-method signature="callbrowser()[pri:0, instance:SampleTest.Sample.AssertText@79c97cb]" started-at="2021-06-20T11:37:32Z" name="callbrowser" finished-at="2021-06-20T11:37:58Z" duration-ms="25536" status="PASS">
          <reporter-output>
          </reporter-output>
        </test-method> <!-- callbrowser -->
      </class> <!-- SampleTest.Sample.AssertText -->
    </test> <!-- Default test -->
  </suite> <!-- Default suite -->
</testng-results>
